[2016-11-02 14:56:45] production.ERROR: exception 'ErrorException' with message 'Undefined offset: 16' in F:\xampp\htdocs\v-mast.mvc\www\app\Controllers\EventsController.php:2598
Stack trace:
#0 F:\xampp\htdocs\v-mast.mvc\www\app\Controllers\EventsController.php(2598): Exception\Handler->handleError(8, 'Undefined offse...', 'F:\\xampp\\htdocs...', 2598, Array)
#1 [internal function]: App\Controllers\EventsController->getInfoUpdate('53')
#2 F:\xampp\htdocs\v-mast.mvc\www\system\Routing\Controller.php(240): call_user_func_array(Array, Array)
#3 F:\xampp\htdocs\v-mast.mvc\www\system\Routing\ControllerDispatcher.php(91): Routing\Controller->callAction('getInfoUpdate', Array)
#4 F:\xampp\htdocs\v-mast.mvc\www\system\Routing\ControllerDispatcher.php(60): Routing\ControllerDispatcher->call(Object(App\Controllers\EventsController), Object(Routing\Route), 'getInfoUpdate')
#5 F:\xampp\htdocs\v-mast.mvc\www\system\Routing\Router.php(957): Routing\ControllerDispatcher->dispatch(Object(Routing\Route), Object(Http\Request), 'App\\Controllers...', 'getInfoUpdate')
#6 [internal function]: Routing\Router->Routing\{closure}('53')
#7 F:\xampp\htdocs\v-mast.mvc\www\system\Routing\Route.php(147): call_user_func_array(Object(Closure), Array)
#8 F:\xampp\htdocs\v-mast.mvc\www\system\Routing\Router.php(1025): Routing\Route->run()
#9 F:\xampp\htdocs\v-mast.mvc\www\system\Routing\Router.php(993): Routing\Router->dispatchToRoute(Object(Http\Request))
#10 F:\xampp\htdocs\v-mast.mvc\www\system\Foundation\Application.php(744): Routing\Router->dispatch(Object(Http\Request))
#11 F:\xampp\htdocs\v-mast.mvc\www\system\Foundation\Application.php(717): Foundation\Application->dispatch(Object(Http\Request))
#12 F:\xampp\htdocs\v-mast.mvc\www\shared\Http\ContentGuard.php(62): Foundation\Application->handle(Object(Http\Request), 1, true)
#13 F:\xampp\htdocs\v-mast.mvc\www\system\Session\Middleware.php(77): Shared\Http\ContentGuard->handle(Object(Http\Request), 1, true)
#14 F:\xampp\htdocs\v-mast.mvc\www\system\Cookie\Queue.php(49): Session\Middleware->handle(Object(Http\Request), 1, true)
#15 F:\xampp\htdocs\v-mast.mvc\www\system\Cookie\Guard.php(54): Cookie\Queue->handle(Object(Http\Request), 1, true)
#16 F:\xampp\htdocs\v-mast.mvc\www\vendor\stack\builder\src\Stack\StackedHttpKernel.php(23): Cookie\Guard->handle(Object(Http\Request), 1, true)
#17 F:\xampp\htdocs\v-mast.mvc\www\system\Foundation\Application.php(615): Stack\StackedHttpKernel->handle(Object(Http\Request))
#18 F:\xampp\htdocs\v-mast.mvc\www\app\Boot\Start.php(250): Foundation\Application->run()
#19 F:\xampp\htdocs\v-mast.mvc\www\public\index.php(37): require('F:\\xampp\\htdocs...')
#20 {main} [] []
